<?xml version="1.0" encoding="UTF-8"?>
<!-- Generated by org.testng.reporters.JUnitReportReporter -->
<testsuite skipped="0" hostname="akamana1" name="com.training.tests.LoginTest" tests="5" failures="0" timestamp="2020-08-17T13:23:01 IST" time="171.535" errors="0">
  <testcase name="TC01" time="37.485" classname="com.training.tests.LoginTest"/>
  <system-out/>
  <testcase name="TC02" time="54.753" classname="com.training.tests.LoginTest"/>
  <system-out/>
  <testcase name="TC03" time="26.360" classname="com.training.tests.LoginTest"/>
  <system-out/>
  <testcase name="TC04" time="34.664" classname="com.training.tests.LoginTest"/>
  <system-out/>
  <testcase name="TC05" time="18.273" classname="com.training.tests.LoginTest"/>
  <system-out/>
</testsuite> <!-- com.training.tests.LoginTest -->
